\BOOKMARK [0][-]{chapter.1}{\376\377\000I\000n\000t\000r\000o\000d\000u\000c\000t\000i\000o\000n}{}% 1
\BOOKMARK [0][-]{chapter.2}{\376\377\000W\000h\000o\000\040\000i\000s\000\040\000f\000o\000r\000\040\000M\000I\000S}{}% 2
\BOOKMARK [0][-]{chapter.3}{\376\377\000T\000e\000c\000h\000n\000o\000l\000o\000g\000y\000\040\000u\000s\000a\000g\000e}{}% 3
\BOOKMARK [1][-]{section.3.1}{\376\377\000D\000e\000v\000e\000l\000o\000p\000m\000e\000n\000t\000\040\000T\000o\000o\000l\000s}{chapter.3}% 4
\BOOKMARK [1][-]{section.3.2}{\376\377\000S\000e\000r\000v\000e\000r\000\040\000R\000e\000q\000u\000i\000r\000e\000m\000e\000n\000t}{chapter.3}% 5
\BOOKMARK [1][-]{section.3.3}{\376\377\000S\000e\000r\000v\000e\000r\000\040\000s\000i\000t\000e\000\040\000p\000r\000o\000g\000r\000a\000m\000m\000i\000n\000g\000\040\000l\000a\000n\000g\000u\000a\000g\000e\000s}{chapter.3}% 6
\BOOKMARK [1][-]{section.3.4}{\376\377\000P\000H\000P\000\040\000F\000r\000a\000m\000e\000w\000o\000r\000k}{chapter.3}% 7
\BOOKMARK [1][-]{section.3.5}{\376\377\000P\000H\000P\000\040\000L\000i\000b\000r\000a\000r\000i\000e\000s}{chapter.3}% 8
\BOOKMARK [1][-]{section.3.6}{\376\377\000F\000r\000o\000n\000t\000e\000n\000d\000\040\000l\000a\000n\000g\000u\000a\000g\000e\000s}{chapter.3}% 9
\BOOKMARK [1][-]{section.3.7}{\376\377\000M\000a\000n\000a\000g\000i\000n\000g\000\040\000D\000a\000t\000a\000b\000a\000s\000e\000s}{chapter.3}% 10
\BOOKMARK [1][-]{section.3.8}{\376\377\000P\000r\000o\000j\000e\000c\000t\000\040\000S\000t\000r\000u\000c\000t\000u\000r\000e}{chapter.3}% 11
\BOOKMARK [1][-]{section.3.9}{\376\377\000M\000o\000d\000e\000l\000\040\000v\000i\000e\000w\000\040\000\050\000K\000n\000o\000c\000k\000o\000u\000t\000J\000S\000\040\000-\000\040\000M\000V\000V\000M\000\051}{chapter.3}% 12
\BOOKMARK [0][-]{chapter.4}{\376\377\000T\000h\000i\000r\000d\000\040\000P\000a\000r\000t\000y}{}% 13
\BOOKMARK [1][-]{section.4.1}{\376\377\000N\000o\000t\000i\000f\000i\000c\000a\000t\000i\000o\000n\000\040\000\050\000c\000a\000s\000e\000\051}{chapter.4}% 14
\BOOKMARK [1][-]{section.4.2}{\376\377\000E\000x\000p\000o\000r\000t\000\040\000T\000o\000o\000l\000\040\000\050\000o\000n\000\040\000h\000o\000m\000e\000\040\000p\000a\000g\000e\000\051}{chapter.4}% 15
\BOOKMARK [1][-]{section.4.3}{\376\377\000D\000a\000i\000l\000y\000\040\000t\000a\000s\000k\000\040\000\050\000c\000r\000o\000n\000\040\000j\000o\000b\000\051}{chapter.4}% 16
\BOOKMARK [1][-]{section.4.4}{\376\377\000M\000o\000n\000t\000h\000l\000y\000\040\000t\000a\000s\000k\000\040\000\050\000c\000r\000o\000n\000\040\000j\000o\000b\000\051}{chapter.4}% 17
\BOOKMARK [1][-]{section.4.5}{\376\377\000D\000B\000\040\000B\000a\000c\000k\000u\000p\000\040\000\050\000c\000r\000o\000n\000\040\000j\000o\000b\000\051}{chapter.4}% 18
\BOOKMARK [0][-]{chapter.5}{\376\377\000C\000r\000o\000n\000\040\000J\000o\000b}{}% 19
\BOOKMARK [1][-]{section.5.1}{\376\377\000S\000e\000t\000u\000p\000\040\000c\000r\000o\000n\000\040\000j\000o\000b}{chapter.5}% 20
\BOOKMARK [1][-]{section.5.2}{\376\377\000L\000i\000s\000t\000\040\000o\000f\000\040\000c\000r\000o\000n\000\040\000j\000o\000b}{chapter.5}% 21
\BOOKMARK [2][-]{subsection.5.2.1}{\376\377\000V\000M\000W\000\040\000f\000o\000l\000l\000o\000w\000\040\000u\000p\000\040\000p\000a\000t\000i\000e\000n\000t\000\040\000n\000o\000t\000i\000f\000i\000c\000a\000t\000i\000o\000n\000\040\000\050\000P\000v\000\040\000r\000a\000d\000i\000c\000a\000l\000\040\000c\000u\000r\000e\000\051}{section.5.2}% 22
\BOOKMARK [2][-]{subsection.5.2.2}{\376\377\000H\000C\000\040\000f\000o\000l\000l\000o\000w\000\040\000u\000p\000\040\000p\000a\000t\000i\000e\000n\000t\000\040\000n\000o\000t\000i\000f\000i\000c\000a\000t\000i\000o\000n\000\040\000\050\000P\000v\000\040\000r\000a\000d\000i\000c\000a\000l\000\040\000c\000u\000r\000e\000\051}{section.5.2}% 23
\BOOKMARK [2][-]{subsection.5.2.3}{\376\377\000F\000o\000c\000i\000\040\000r\000e\000m\000i\000n\000d\000e\000r\000\040\000n\000o\000t\000i\000f\000i\000c\000a\000t\000i\000o\000n}{section.5.2}% 24
\BOOKMARK [2][-]{subsection.5.2.4}{\376\377\000R\000e\000a\000c\000t\000i\000v\000e\000\040\000c\000a\000s\000e\000\040\000r\000e\000m\000i\000n\000d\000e\000r\000\040\000n\000o\000t\000i\000f\000i\000c\000a\000t\000i\000o\000n}{section.5.2}% 25
\BOOKMARK [2][-]{subsection.5.2.5}{\376\377\000H\000i\000g\000h\000t\000\040\000r\000i\000s\000k\000\040\000v\000i\000l\000l\000a\000g\000e\000\040\000r\000e\000m\000i\000n\000d\000e\000r\000\040\000n\000o\000t\000i\000f\000i\000c\000a\000t\000i\000o\000n}{section.5.2}% 26
\BOOKMARK [2][-]{subsection.5.2.6}{\376\377\000S\000t\000o\000c\000k\000\040\000o\000u\000t\000\040\000n\000o\000t\000i\000f\000i\000c\000a\000t\000i\000o\000n}{section.5.2}% 27
\BOOKMARK [0][-]{chapter.6}{\376\377\000M\000o\000d\000u\000l\000e}{}% 28
\BOOKMARK [1][-]{section.6.1}{\376\377\000U\000s\000e\000\040\000c\000a\000s\000e\000\040\000d\000i\000a\000g\000r\000a\000m}{chapter.6}% 29
\BOOKMARK [2][-]{subsection.6.1.1}{\376\377\000U\000s\000e\000\040\000c\000a\000s\000e\000\040\000m\000a\000l\000a\000r\000i\000a\000\040\000\046\000\040\000I\000T\000N\000\040\000d\000a\000t\000a}{section.6.1}% 30
\BOOKMARK [2][-]{subsection.6.1.2}{\376\377\000D\000e\000t\000a\000i\000l\000\040\000d\000i\000a\000g\000r\000a\000m}{section.6.1}% 31
\BOOKMARK [1][-]{section.6.2}{\376\377\000M\000a\000l\000a\000r\000i\000a\000\040\000\046\000\040\000I\000T\000N\000\040\000D\000a\000t\000a}{chapter.6}% 32
\BOOKMARK [2][-]{subsection.6.2.1}{\376\377\000V\000M\000W}{section.6.2}% 33
\BOOKMARK [2][-]{subsection.6.2.2}{\376\377\000H\000C}{section.6.2}% 34
\BOOKMARK [2][-]{subsection.6.2.3}{\376\377\000M\000M\000P}{section.6.2}% 35
\BOOKMARK [2][-]{subsection.6.2.4}{\376\377\000P\000o\000l\000i\000c\000e}{section.6.2}% 36
\BOOKMARK [2][-]{subsection.6.2.5}{\376\377\000B\000e\000d\000\040\000n\000e\000t}{section.6.2}% 37
\BOOKMARK [2][-]{subsection.6.2.6}{\376\377\000M\000M\000P\000\040\000b\000e\000d\000\040\000n\000e\000t}{section.6.2}% 38
\BOOKMARK [2][-]{subsection.6.2.7}{\376\377\000P\000o\000l\000i\000c\000e\000\040\000b\000e\000d\000\040\000n\000e\000t}{section.6.2}% 39
\BOOKMARK [2][-]{subsection.6.2.8}{\376\377\000B\000e\000d\000\040\000n\000e\000t\000\040\000o\000t\000h\000e\000r}{section.6.2}% 40
\BOOKMARK [2][-]{subsection.6.2.9}{\376\377\000Q\000u\000e\000s\000t\000i\000o\000n\000a\000i\000r\000e}{section.6.2}% 41
\BOOKMARK [3][-]{subsubsection*.3}{\376\377\000A\000n\000n\000e\000x\000\040\0001\000:\000\040\000V\000i\000l\000l\000a\000g\000e\000\040\000S\000e\000l\000e\000c\000t\000i\000o\000n}{subsection.6.2.9}% 42
\BOOKMARK [3][-]{subsubsection*.4}{\376\377\000A\000n\000n\000e\000x\000\040\0002\000:\000\040\000H\000o\000t\000s\000p\000o\000t\000\040\000I\000d\000e\000n\000t\000i\000f\000i\000c\000a\000t\000i\000o\000n}{subsection.6.2.9}% 43
\BOOKMARK [3][-]{subsubsection*.5}{\376\377\000A\000n\000n\000e\000x\000\040\0004\000:\000\040\000M\000M\000W\000\040\000R\000e\000c\000r\000u\000i\000t\000m\000e\000n\000t}{subsection.6.2.9}% 44
\BOOKMARK [3][-]{subsubsection*.6}{\376\377\000A\000n\000n\000e\000x\000\040\0005\000,\000\040\0006\000:\000\040\000S\000i\000t\000e\000\040\000V\000i\000s\000i\000t\000\040\000A\000c\000t\000i\000v\000e\000\040\000S\000c\000r\000e\000e\000n\000i\000n\000g}{subsection.6.2.9}% 45
\BOOKMARK [3][-]{subsubsection*.7}{\376\377\000A\000n\000n\000e\000x\000\040\0007\000:\000\040\000F\000o\000r\000e\000s\000t\000\040\000P\000a\000c\000k}{subsection.6.2.9}% 46
\BOOKMARK [2][-]{subsection.6.2.10}{\376\377\000F\000o\000c\000i\000\040\000i\000n\000v\000e\000s\000t\000i\000g\000a\000t\000i\000o\000n}{section.6.2}% 47
\BOOKMARK [3][-]{subsubsection*.8}{\376\377\000L\000i\000s\000t\000\040\000o\000f\000\040\000f\000o\000c\000i}{subsection.6.2.10}% 48
\BOOKMARK [3][-]{subsubsection*.9}{\376\377\000D\000e\000t\000a\000i\000l\000\040\000o\000f\000\040\000f\000o\000c\000i\000\040\000v\0001}{subsection.6.2.10}% 49
\BOOKMARK [3][-]{subsubsection*.10}{\376\377\000D\000e\000t\000a\000i\000l\000\040\000o\000f\000\040\000f\000o\000c\000i\000\040\000v\0002}{subsection.6.2.10}% 50
\BOOKMARK [2][-]{subsection.6.2.11}{\376\377\000F\000o\000l\000l\000o\000w\000\040\000u\000p}{section.6.2}% 51
\BOOKMARK [3][-]{subsubsection*.11}{\376\377\000V\000M\000W\000\040\000f\000o\000l\000l\000o\000w\000\040\000u\000p}{subsection.6.2.11}% 52
\BOOKMARK [3][-]{subsubsection*.12}{\376\377\000H\000C\000\040\000f\000o\000l\000l\000o\000w\000\040\000u\000p}{subsection.6.2.11}% 53
\BOOKMARK [2][-]{subsection.6.2.12}{\376\377\000H\000I\000S\000\040\000d\000a\000t\000a\000\040\000u\000p\000l\000o\000a\000d}{section.6.2}% 54
\BOOKMARK [2][-]{subsection.6.2.13}{\376\377\000B\000o\000r\000d\000e\000r\000\040\000m\000a\000l\000a\000r\000i\000a\000\040\000c\000a\000s\000e\000\040\000u\000p\000l\000o\000a\000d}{section.6.2}% 55
\BOOKMARK [0][-]{chapter.7}{\376\377\000A\000P\000I\000\040\000v\0004}{}% 56
\BOOKMARK [1][-]{section.7.1}{\376\377\000U\000s\000e\000r\000s}{chapter.7}% 57
\BOOKMARK [2][-]{subsection.7.1.1}{\376\377\000H\000F\000\040\000A\000u\000t\000h\000e\000n\000t\000i\000c\000a\000t\000i\000o\000n}{section.7.1}% 58
\BOOKMARK [2][-]{subsection.7.1.2}{\376\377\000V\000M\000W\000\040\000A\000u\000t\000h\000e\000n\000t\000i\000c\000a\000t\000i\000o\000n}{section.7.1}% 59
\BOOKMARK [2][-]{subsection.7.1.3}{\376\377\000L\000o\000g\000o\000u\000t}{section.7.1}% 60
\BOOKMARK [2][-]{subsection.7.1.4}{\376\377\000L\000o\000c\000a\000t\000i\000o\000n}{section.7.1}% 61
\BOOKMARK [2][-]{subsection.7.1.5}{\376\377\000L\000o\000g\000\040\000d\000e\000v\000i\000c\000e\000\040\000i\000n\000f\000o\000r\000m\000a\000t\000i\000o\000n}{section.7.1}% 62
\BOOKMARK [2][-]{subsection.7.1.6}{\376\377\000R\000e\000s\000t\000r\000i\000c\000t\000\040\000u\000s\000e\000r\000\040\000l\000o\000g\000i\000n}{section.7.1}% 63
\BOOKMARK [2][-]{subsection.7.1.7}{\376\377\000U\000s\000e\000r\000\040\000p\000e\000r\000m\000i\000s\000s\000i\000o\000n}{section.7.1}% 64
\BOOKMARK [1][-]{section.7.2}{\376\377\000H\000F\000\040\000A\000c\000t\000i\000v\000i\000t\000y\000\040\000c\000a\000s\000e}{chapter.7}% 65
\BOOKMARK [2][-]{subsection.7.2.1}{\376\377\000I\000n\000s\000e\000r\000t}{section.7.2}% 66
\BOOKMARK [2][-]{subsection.7.2.2}{\376\377\000U\000p\000d\000a\000t\000e}{section.7.2}% 67
\BOOKMARK [2][-]{subsection.7.2.3}{\376\377\000D\000e\000l\000e\000t\000e}{section.7.2}% 68
\BOOKMARK [2][-]{subsection.7.2.4}{\376\377\000L\000i\000s\000t}{section.7.2}% 69
\BOOKMARK [1][-]{section.7.3}{\376\377\000V\000M\000W\000\040\000A\000c\000t\000i\000v\000i\000t\000y\000\040\000c\000a\000s\000e}{chapter.7}% 70
\BOOKMARK [2][-]{subsection.7.3.1}{\376\377\000I\000n\000s\000e\000r\000t}{section.7.3}% 71
\BOOKMARK [2][-]{subsection.7.3.2}{\376\377\000U\000p\000d\000a\000t\000e}{section.7.3}% 72
\BOOKMARK [2][-]{subsection.7.3.3}{\376\377\000D\000e\000l\000e\000t\000e}{section.7.3}% 73
\BOOKMARK [2][-]{subsection.7.3.4}{\376\377\000L\000i\000s\000t}{section.7.3}% 74
\BOOKMARK [1][-]{section.7.4}{\376\377\000R\000e\000a\000c\000t\000i\000v\000e\000\040\000c\000a\000s\000e}{chapter.7}% 75
\BOOKMARK [2][-]{subsection.7.4.1}{\376\377\000L\000i\000s\000t}{section.7.4}% 76
\BOOKMARK [2][-]{subsection.7.4.2}{\376\377\000D\000e\000t\000a\000i\000l}{section.7.4}% 77
\BOOKMARK [2][-]{subsection.7.4.3}{\376\377\000U\000p\000d\000a\000t\000e}{section.7.4}% 78
\BOOKMARK [1][-]{section.7.5}{\376\377\000S\000t\000o\000c\000k\000\040\000d\000a\000t\000a}{chapter.7}% 79
\BOOKMARK [2][-]{subsection.7.5.1}{\376\377\000S\000t\000o\000c\000k\000\040\000c\000l\000o\000s\000e}{section.7.5}% 80
\BOOKMARK [1][-]{section.7.6}{\376\377\000R\000e\000p\000o\000r\000t}{chapter.7}% 81
\BOOKMARK [2][-]{subsection.7.6.1}{\376\377\000C\000a\000s\000e\000\040\000r\000e\000p\000o\000r\000t}{section.7.6}% 82
\BOOKMARK [2][-]{subsection.7.6.2}{\376\377\000S\000t\000o\000c\000k\000\040\000r\000e\000p\000o\000r\000t}{section.7.6}% 83
\BOOKMARK [1][-]{section.7.7}{\376\377\000P\000o\000p\000u\000l\000a\000t\000i\000o\000n}{chapter.7}% 84
\BOOKMARK [2][-]{subsection.7.7.1}{\376\377\000F\000o\000r\000m\000\040\000a\000n\000d\000\040\000d\000a\000t\000a}{section.7.7}% 85
\BOOKMARK [2][-]{subsection.7.7.2}{\376\377\000I\000n\000s\000e\000r\000t\000/\000U\000p\000d\000a\000t\000e\000\040\000P\000o\000p\000u\000l\000a\000t\000i\000o\000n}{section.7.7}% 86
\BOOKMARK [1][-]{section.7.8}{\376\377\000B\000e\000d\000n\000e\000t}{chapter.7}% 87
\BOOKMARK [2][-]{subsection.7.8.1}{\376\377\000B\000e\000d\000n\000e\000t\000\040\000f\000o\000r\000m}{section.7.8}% 88
\BOOKMARK [2][-]{subsection.7.8.2}{\376\377\000B\000e\000d\000n\000e\000t\000\040\000I\000n\000s\000e\000r\000t\000/\000U\000p\000d\000a\000t\000e}{section.7.8}% 89
\BOOKMARK [1][-]{section.7.9}{\376\377\000D\000a\000s\000h\000b\000o\000a\000r\000d}{chapter.7}% 90
\BOOKMARK [2][-]{subsection.7.9.1}{\376\377\000M\000a\000l\000a\000r\000i\000a\000\040\000s\000t\000a\000t\000u\000s}{section.7.9}% 91
\BOOKMARK [2][-]{subsection.7.9.2}{\376\377\000A\000P\000I\000\040\000o\000f\000\040\000v\000i\000l\000l\000a\000g\000e\000s\000\040\000\050\000c\000h\000a\000r\000t\000\051}{section.7.9}% 92
\BOOKMARK [2][-]{subsection.7.9.3}{\376\377\000C\000a\000s\000e\000s\000\040\000\050\000c\000h\000a\000r\000t\000\051}{section.7.9}% 93
\BOOKMARK [2][-]{subsection.7.9.4}{\376\377\000T\000o\000p\000\040\0001\0000\000\040\000v\000i\000l\000l\000a\000g\000e\000s\000\040\000\050\000c\000h\000a\000r\000t\000\051}{section.7.9}% 94
\BOOKMARK [1][-]{section.7.10}{\376\377\000P\000v\000\040\000R\000a\000d\000i\000c\000a\000l\000\040\000c\000u\000r\000e}{chapter.7}% 95
\BOOKMARK [2][-]{subsection.7.10.1}{\376\377\000H\000F\000\040\000p\000a\000t\000i\000e\000n\000t\000\040\000f\000o\000l\000l\000o\000w\000\040\000u\000p\000\040\000l\000i\000s\000t}{section.7.10}% 96
\BOOKMARK [2][-]{subsection.7.10.2}{\376\377\000H\000F\000\040\000f\000o\000l\000l\000o\000w\000\040\000u\000p\000\040\000d\000e\000t\000a\000i\000l}{section.7.10}% 97
\BOOKMARK [2][-]{subsection.7.10.3}{\376\377\000H\000F\000\040\000f\000o\000l\000l\000o\000w\000\040\000u\000p\000\040\000I\000n\000s\000e\000r\000t\000/\000U\000p\000d\000a\000t\000e}{section.7.10}% 98
\BOOKMARK [2][-]{subsection.7.10.4}{\376\377\000V\000M\000W\000\040\000F\000o\000l\000l\000o\000w\000\040\000u\000p\000\040\000L\000i\000s\000t}{section.7.10}% 99
\BOOKMARK [2][-]{subsection.7.10.5}{\376\377\000V\000M\000W\000\040\000f\000o\000l\000l\000o\000w\000\040\000u\000p\000\040\000d\000e\000t\000a\000i\000l}{section.7.10}% 100
\BOOKMARK [2][-]{subsection.7.10.6}{\376\377\000V\000M\000W\000\040\000f\000o\000l\000l\000o\000w\000\040\000u\000p\000\040\000I\000n\000s\000e\000r\000t\000/\000U\000p\000d\000a\000t\000e}{section.7.10}% 101
\BOOKMARK [1][-]{section.7.11}{\376\377\000M\000e\000d\000i\000c\000a\000t\000i\000o\000n}{chapter.7}% 102
\BOOKMARK [2][-]{subsection.7.11.1}{\376\377\000H\000F\000\040\000M\000e\000d\000i\000c\000a\000t\000i\000o\000n}{section.7.11}% 103
\BOOKMARK [2][-]{subsection.7.11.2}{\376\377\000V\000M\000W\000\040\000M\000e\000d\000i\000c\000a\000t\000i\000o\000n}{section.7.11}% 104
\BOOKMARK [1][-]{section.7.12}{\376\377\000R\000e\000g\000i\000s\000t\000e\000r\000\040\000t\000o\000k\000e\000n}{chapter.7}% 105
\BOOKMARK [1][-]{section.7.13}{\376\377\000P\000l\000a\000c\000e}{chapter.7}% 106
\BOOKMARK [2][-]{subsection.7.13.1}{\376\377\000C\000h\000e\000c\000k\000\040\000p\000l\000a\000c\000e\000\040\000i\000s\000\040\000m\000o\000d\000i\000f\000y}{section.7.13}% 107
\BOOKMARK [2][-]{subsection.7.13.2}{\376\377\000G\000e\000t\000\040\000P\000r\000o\000v\000i\000n\000c\000e}{section.7.13}% 108
\BOOKMARK [2][-]{subsection.7.13.3}{\376\377\000G\000e\000t\000\040\000d\000i\000s\000t\000r\000i\000c\000t}{section.7.13}% 109
\BOOKMARK [2][-]{subsection.7.13.4}{\376\377\000G\000e\000t\000\040\000d\000i\000s\000t\000r\000i\000c\000t}{section.7.13}% 110
\BOOKMARK [0][-]{chapter.8}{\376\377\000A\000P\000I\000\040\000v\0005}{}% 111
\BOOKMARK [1][-]{section.8.1}{\376\377\000S\000t\000o\000c\000k}{chapter.8}% 112
\BOOKMARK [2][-]{subsection.8.1.1}{\376\377\000F\000o\000r\000m}{section.8.1}% 113
\BOOKMARK [0][-]{chapter.9}{\376\377\000A\000P\000I\000\040\000v\0001\000\040\000o\000f\000\040\000C\000M\000I}{}% 114
\BOOKMARK [1][-]{section.9.1}{\376\377\000U\000s\000e\000r\000s}{chapter.9}% 115
\BOOKMARK [2][-]{subsection.9.1.1}{\376\377\000A\000u\000t\000h\000e\000n\000t\000i\000c\000a\000t\000i\000o\000n}{section.9.1}% 116
\BOOKMARK [2][-]{subsection.9.1.2}{\376\377\000R\000e\000g\000i\000s\000t\000e\000r\000\040\000t\000o\000k\000e\000n}{section.9.1}% 117
\BOOKMARK [2][-]{subsection.9.1.3}{\376\377\000D\000e\000v\000i\000c\000e\000\040\000l\000o\000g\000g\000i\000n\000g}{section.9.1}% 118
\BOOKMARK [1][-]{section.9.2}{\376\377\000S\000u\000m\000m\000a\000r\000y}{chapter.9}% 119
\BOOKMARK [2][-]{subsection.9.2.1}{\376\377\000D\000a\000i\000l\000y\000\040\000c\000a\000s\000e}{section.9.2}% 120
\BOOKMARK [2][-]{subsection.9.2.2}{\376\377\000W\000e\000e\000k\000l\000y\000\040\000c\000a\000s\000e}{section.9.2}% 121
\BOOKMARK [2][-]{subsection.9.2.3}{\376\377\000M\000o\000n\000t\000h\000l\000y\000\040\000c\000a\000s\000e}{section.9.2}% 122
\BOOKMARK [2][-]{subsection.9.2.4}{\376\377\000T\000h\000i\000s\000\040\000y\000e\000a\000r\000\040\000c\000a\000s\000e}{section.9.2}% 123
\BOOKMARK [2][-]{subsection.9.2.5}{\376\377\000P\000v\000\040\000R\000a\000d\000i\000c\000a\000l\000\040\000c\000u\000r\000e\000\040\000\050\000c\000h\000a\000r\000t\000\051}{section.9.2}% 124
\BOOKMARK [2][-]{subsection.9.2.6}{\376\377\000H\000F\000\040\000r\000e\000p\000o\000r\000t\000\040\000t\000i\000m\000e\000l\000y}{section.9.2}% 125
\BOOKMARK [2][-]{subsection.9.2.7}{\376\377\000V\000M\000W\000\040\000r\000e\000p\000o\000r\000t\000\040\000t\000i\000m\000e\000l\000y}{section.9.2}% 126
\BOOKMARK [2][-]{subsection.9.2.8}{\376\377\000A\000n\000n\000u\000a\000l\000\040\000F\000o\000c\000i\000\040\000c\000l\000a\000s\000s\000i\000f\000i\000c\000a\000t\000i\000o\000n}{section.9.2}% 127
\BOOKMARK [2][-]{subsection.9.2.9}{\376\377\000H\000e\000a\000l\000t\000h\000\040\000w\000o\000r\000k\000e\000r}{section.9.2}% 128
\BOOKMARK [1][-]{section.9.3}{\376\377\000D\000a\000s\000h\000b\000o\000a\000r\000d}{chapter.9}% 129
\BOOKMARK [2][-]{subsection.9.3.1}{\376\377\000N\000u\000m\000b\000e\000r\000\040\000o\000f\000\040\000m\000a\000l\000a\000r\000i\000a\000\040\000t\000e\000s\000t\000\040\000a\000n\000d\000\040\000c\000a\000s\000e\000\040\000\050\000B\000a\000r\000\040\000c\000h\000a\000r\000t\000\051}{section.9.3}% 130
\BOOKMARK [2][-]{subsection.9.3.2}{\376\377\000T\000o\000p\000\040\0001\0000\000\040\000v\000i\000l\000l\000a\000g\000e\000s\000\040\000w\000i\000t\000h\000\040\000P\000f\000\040\000a\000n\000d\000\040\000M\000i\000x\000\040\000\050\000P\000i\000e\000\040\000c\000h\000a\000r\000t\000\051}{section.9.3}% 131
\BOOKMARK [2][-]{subsection.9.3.3}{\376\377\000T\000o\000p\000\040\0001\0000\000\040\000v\000i\000l\000l\000a\000g\000e\000s\000\040\000\050\000t\000a\000b\000l\000e\000\051}{section.9.3}% 132
\BOOKMARK [2][-]{subsection.9.3.4}{\376\377\000S\000t\000o\000c\000k\000\040\000o\000u\000t}{section.9.3}% 133
\BOOKMARK [2][-]{subsection.9.3.5}{\376\377\000M\000a\000l\000a\000r\000i\000a\000\040\000H\000o\000t\000s\000p\000o\000t}{section.9.3}% 134
\BOOKMARK [2][-]{subsection.9.3.6}{\376\377\000M\000a\000p\000\040\000o\000f\000\040\000H\000C\000\040\000a\000n\000d\000\040\000V\000i\000l\000l\000a\000g\000e}{section.9.3}% 135
\BOOKMARK [2][-]{subsection.9.3.7}{\376\377\000M\000a\000p\000\040\000o\000f\000\040\000f\000o\000c\000i}{section.9.3}% 136
\BOOKMARK [1][-]{section.9.4}{\376\377\000C\000o\000n\000t\000a\000c\000t}{chapter.9}% 137
\BOOKMARK [1][-]{section.9.5}{\376\377\000N\000o\000t\000i\000f\000i\000c\000a\000t\000i\000o\000n}{chapter.9}% 138
\BOOKMARK [0][-]{chapter.10}{\376\377\000A\000P\000I\000\040\000v\0001\000\040\000o\000f\000\040\000Q\000A}{}% 139
\BOOKMARK [1][-]{section.10.1}{\376\377\000U\000s\000e\000r\000s}{chapter.10}% 140
\BOOKMARK [2][-]{subsection.10.1.1}{\376\377\000A\000u\000t\000h\000e\000n\000t\000i\000c\000a\000t\000i\000o\000n}{section.10.1}% 141
\BOOKMARK [1][-]{section.10.2}{\376\377\000P\000l\000a\000c\000e}{chapter.10}% 142
\BOOKMARK [1][-]{section.10.3}{\376\377\000V\000M\000W\040\031\000s\000\040\000q\000u\000e\000s\000t\000i\000o\000n}{chapter.10}% 143
\BOOKMARK [2][-]{subsection.10.3.1}{\376\377\000L\000i\000s\000t\000\040\000o\000f\000\040\000V\000M\000W\040\031\000s\000\040\000q\000u\000e\000s\000t\000i\000o\000n}{section.10.3}% 144
\BOOKMARK [2][-]{subsection.10.3.2}{\376\377\000D\000e\000t\000a\000i\000l\000\040\000o\000f\000\040\000q\000u\000e\000s\000t\000i\000o\000n}{section.10.3}% 145
\BOOKMARK [2][-]{subsection.10.3.3}{\376\377\000I\000n\000s\000e\000r\000t\000/\000U\000p\000d\000a\000t\000e\000\040\000Q\000u\000e\000s\000t\000i\000o\000n}{section.10.3}% 146
\BOOKMARK [2][-]{subsection.10.3.4}{\376\377\000D\000e\000l\000e\000t\000e\000\040\000Q\000u\000e\000s\000t\000i\000o\000n}{section.10.3}% 147
\BOOKMARK [2][-]{subsection.10.3.5}{\376\377\000R\000e\000p\000o\000r\000t}{section.10.3}% 148
\BOOKMARK [0][-]{chapter.11}{\376\377\000A\000P\000I\000\040\000v\0002\000\040\000o\000f\000\040\000L\000a\000s\000t\000\040\000m\000i\000l\000e}{}% 149
\BOOKMARK [1][-]{section.11.1}{\376\377\000H\000o\000u\000s\000e\000\040\000h\000o\000l\000d}{chapter.11}% 150
\BOOKMARK [2][-]{subsection.11.1.1}{\376\377\000H\000o\000u\000s\000e\000\040\000h\000o\000l\000d\000\040\000L\000i\000s\000t}{section.11.1}% 151
\BOOKMARK [2][-]{subsection.11.1.2}{\376\377\000H\000o\000u\000s\000e\000\040\000h\000o\000l\000d\000\040\000d\000e\000t\000a\000i\000l}{section.11.1}% 152
\BOOKMARK [2][-]{subsection.11.1.3}{\376\377\000I\000n\000s\000e\000r\000t\000/\000U\000p\000d\000a\000t\000e\000\040\000h\000o\000u\000s\000e\000\040\000h\000o\000l\000d}{section.11.1}% 153
\BOOKMARK [1][-]{section.11.2}{\376\377\000T\000D\000A}{chapter.11}% 154
\BOOKMARK [2][-]{subsection.11.2.1}{\376\377\000T\000D\000A\000\040\000f\000o\000r\000m}{section.11.2}% 155
\BOOKMARK [2][-]{subsection.11.2.2}{\376\377\000I\000n\000s\000e\000r\000t\000/\000U\000p\000d\000a\000t\000e\000\040\000T\000D\000A}{section.11.2}% 156
\BOOKMARK [1][-]{section.11.3}{\376\377\000I\000P\000T}{chapter.11}% 157
\BOOKMARK [2][-]{subsection.11.3.1}{\376\377\000I\000P\000T\000\040\000f\000o\000r\000m}{section.11.3}% 158
\BOOKMARK [2][-]{subsection.11.3.2}{\376\377\000I\000n\000s\000e\000r\000t\000/\000U\000p\000d\000a\000t\000e\000\040\000I\000P\000T}{section.11.3}% 159
\BOOKMARK [1][-]{section.11.4}{\376\377\000A\000F\000S}{chapter.11}% 160
\BOOKMARK [2][-]{subsection.11.4.1}{\376\377\000A\000F\000S\000\040\000f\000o\000r\000m}{section.11.4}% 161
\BOOKMARK [2][-]{subsection.11.4.2}{\376\377\000I\000n\000s\000e\000r\000t\000/\000U\000p\000d\000a\000t\000e\000\040\000A\000F\000S}{section.11.4}% 162
\BOOKMARK [0][-]{chapter.12}{\376\377\000A\000P\000I\000\040\000v\0001\000\040\000o\000f\000\040\000C\000h\000e\000c\000k\000\040\000l\000i\000s\000t\000\040\000a\000p\000p}{}% 163
\BOOKMARK [1][-]{section.12.1}{\376\377\000U\000s\000e\000r\000\040\000A\000u\000t\000h\000e\000n\000t\000i\000c\000a\000t\000i\000o\000n}{chapter.12}% 164
\BOOKMARK [1][-]{section.12.2}{\376\377\000H\000C\000\040\000c\000h\000e\000c\000k\000l\000i\000s\000t}{chapter.12}% 165
\BOOKMARK [2][-]{subsection.12.2.1}{\376\377\000G\000e\000t\000\040\000H\000C\000\040\000c\000h\000e\000c\000k\000\040\000l\000i\000s\000t}{section.12.2}% 166
\BOOKMARK [2][-]{subsection.12.2.2}{\376\377\000H\000C\000\040\000c\000h\000e\000c\000k\000l\000i\000s\000t\000\040\000d\000e\000t\000a\000i\000l}{section.12.2}% 167
\BOOKMARK [2][-]{subsection.12.2.3}{\376\377\000H\000C\000\040\000c\000h\000e\000c\000k\000l\000i\000s\000t\000\040\000I\000n\000s\000e\000r\000t\000/\000U\000p\000d\000a\000t\000e}{section.12.2}% 168
\BOOKMARK [2][-]{subsection.12.2.4}{\376\377\000H\000C\000\040\000c\000h\000e\000c\000k\000l\000i\000s\000t\000\040\000a\000d\000i\000t\000i\000o\000n\000a\000l\000\040\000d\000a\000t\000a}{section.12.2}% 169
\BOOKMARK [1][-]{section.12.3}{\376\377\000O\000D\000\040\000c\000h\000e\000c\000k\000l\000i\000s\000t}{chapter.12}% 170
\BOOKMARK [2][-]{subsection.12.3.1}{\376\377\000G\000e\000t\000\040\000O\000D\000\040\000c\000h\000e\000c\000k\000\040\000l\000i\000s\000t}{section.12.3}% 171
\BOOKMARK [2][-]{subsection.12.3.2}{\376\377\000O\000D\000\040\000c\000h\000e\000c\000k\000\040\000l\000i\000s\000t\000\040\000d\000e\000t\000a\000i\000l}{section.12.3}% 172
\BOOKMARK [2][-]{subsection.12.3.3}{\376\377\000I\000n\000s\000e\000r\000t\000/\000U\000p\000d\000a\000t\000e\000\040\000O\000D\000\040\000c\000h\000e\000c\000k\000\040\000l\000i\000s\000t}{section.12.3}% 173
\BOOKMARK [2][-]{subsection.12.3.4}{\376\377\000O\000D\000\040\000c\000h\000e\000c\000k\000\040\000l\000i\000s\000t\000\040\000a\000d\000i\000t\000i\000o\000n\000a\000l\000\040\000d\000a\000t\000a}{section.12.3}% 174
\BOOKMARK [1][-]{section.12.4}{\376\377\000E\000P\000I\000\040\000c\000h\000e\000c\000k\000\040\000l\000i\000s\000t}{chapter.12}% 175
\BOOKMARK [2][-]{subsection.12.4.1}{\376\377\000E\000P\000I\000\040\000c\000h\000e\000c\000k\000\040\000l\000i\000s\000t}{section.12.4}% 176
\BOOKMARK [2][-]{subsection.12.4.2}{\376\377\000E\000P\000I\000\040\000c\000h\000e\000c\000k\000\040\000l\000i\000s\000t\000\040\000d\000e\000t\000a\000i\000l}{section.12.4}% 177
\BOOKMARK [2][-]{subsection.12.4.3}{\376\377\000I\000n\000s\000e\000r\000t\000/\000U\000p\000d\000a\000t\000e\000\040\000E\000P\000I\000\040\000c\000h\000e\000c\000k\000\040\000l\000i\000s\000t}{section.12.4}% 178
\BOOKMARK [0][-]{chapter.13}{\376\377\000A\000P\000I\000\040\000V\0001\000\040\000o\000f\000\040\000T\000r\000a\000i\000n\000i\000n\000g}{}% 179
\BOOKMARK [1][-]{section.13.1}{\376\377\000M\000a\000t\000e\000r\000i\000a\000l}{chapter.13}% 180
\BOOKMARK [1][-]{section.13.2}{\376\377\000Q\000u\000i\000z\000\040\000Q\000u\000e\000s\000t\000i\000o\000n}{chapter.13}% 181
\BOOKMARK [0][-]{section*.107}{\376\377\000H\000T\000T\000P\000\040\000R\000o\000u\000t\000i\000n\000g\000\040\000T\000a\000b\000l\000e}{}% 182
